Compiling the C compiler identification source file "CMakeCCompilerId.c" failed.
Compiler:  
Build flags: 
Id flags:  

The output was:
1
Microsoft(R) Build Engine versÆo 16.8.3+39993bd9d para .NET Framework 
Copyright (C) Microsoft Corporation. Todos os direitos reservados.

Compila‡Æo de 03/12/2021 23:10:19 iniciada.
Projeto "C:\glfw-3.3.5\build\CMakeFiles\3.22.0\CompilerIdC\CompilerIdC.vcxproj" no n¢ 1 (destinos padrÆo).
PrepareForBuild:
  Criando o diret¢rio "Debug\".
C:\Program Files (x86)\Microsoft Visual Studio\2019\Community\MSBuild\Microsoft\VC\v160\Microsoft.CppBuild.targets(473,5): warning MSB8003: a propriedade WindowsSDKDir nÆo est  definida. Algumas ferramentas de build podem nÆo ser encontradas. [C:\glfw-3.3.5\build\CMakeFiles\3.22.0\CompilerIdC\CompilerIdC.vcxproj]
  Criando o diret¢rio "Debug\CompilerIdC.tlog\".
InitializeBuildStatus:
  Criando "Debug\CompilerIdC.tlog\unsuccessfulbuild" porque "AlwaysCreate" foi especificado.
ClCompile:
  C:\Program Files (x86)\Microsoft Visual Studio\2019\Community\VC\Tools\MSVC\14.28.29333\bin\HostX64\x64\CL.exe /c /nologo /W0 /WX- /diagnostics:column /Od /D _MBCS /Gm- /EHsc /RTC1 /MDd /GS /fp:precise /Zc:wchar_t /Zc:forScope /Zc:inline /Fo"Debug\\" /Fd"Debug\vc142.pdb" /Gd /TC /FC /errorReport:queue CMakeCCompilerId.c
  CMakeCCompilerId.c
Link:
  C:\Program Files (x86)\Microsoft Visual Studio\2019\Community\VC\Tools\MSVC\14.28.29333\bin\HostX64\x64\link.exe /ERRORREPORT:QUEUE /OUT:".\CompilerIdC.exe" /INCREMENTAL:NO /NOLOGO kernel32.lib user32.lib gdi32.lib winspool.lib comdlg32.lib advapi32.lib shell32.lib ole32.lib oleaut32.lib uuid.lib odbc32.lib odbccp32.lib /MANIFEST /MANIFESTUAC:"level='asInvoker' uiAccess='false'" /manifest:embed /PDB:".\CompilerIdC.pdb" /SUBSYSTEM:CONSOLE /TLBID:1 /DYNAMICBASE /NXCOMPAT /IMPLIB:".\CompilerIdC.lib" /MACHINE:X64 Debug\CMakeCCompilerId.obj
LINK : fatal error LNK1181: nÆo foi poss¡vel abrir o arquivo de entrada 'kernel32.lib' [C:\glfw-3.3.5\build\CMakeFiles\3.22.0\CompilerIdC\CompilerIdC.vcxproj]
Projeto de compila‡Æo pronto "C:\glfw-3.3.5\build\CMakeFiles\3.22.0\CompilerIdC\CompilerIdC.vcxproj" (destinos padrÆo) -- FALHA.

FALHA da compila‡Æo.

"C:\glfw-3.3.5\build\CMakeFiles\3.22.0\CompilerIdC\CompilerIdC.vcxproj" (destino padrÆo) (1) ->
(PrepareForBuild destino) -> 
  C:\Program Files (x86)\Microsoft Visual Studio\2019\Community\MSBuild\Microsoft\VC\v160\Microsoft.CppBuild.targets(473,5): warning MSB8003: a propriedade WindowsSDKDir nÆo est  definida. Algumas ferramentas de build podem nÆo ser encontradas. [C:\glfw-3.3.5\build\CMakeFiles\3.22.0\CompilerIdC\CompilerIdC.vcxproj]


"C:\glfw-3.3.5\build\CMakeFiles\3.22.0\CompilerIdC\CompilerIdC.vcxproj" (destino padrÆo) (1) ->
(Link destino) -> 
  LINK : fatal error LNK1181: nÆo foi poss¡vel abrir o arquivo de entrada 'kernel32.lib' [C:\glfw-3.3.5\build\CMakeFiles\3.22.0\CompilerIdC\CompilerIdC.vcxproj]

    1 Aviso(s)
    1 Erro(s)

Tempo Decorrido 00:00:01.06


Compiling the C compiler identification source file "CMakeCCompilerId.c" failed.
Compiler:  
Build flags: 
Id flags:  

The output was:
1
Microsoft(R) Build Engine versÆo 16.8.3+39993bd9d para .NET Framework 
Copyright (C) Microsoft Corporation. Todos os direitos reservados.

Compila‡Æo de 03/12/2021 23:10:20 iniciada.
Projeto "C:\glfw-3.3.5\build\CMakeFiles\3.22.0\CompilerIdC\CompilerIdC.vcxproj" no n¢ 1 (destinos padrÆo).
PrepareForBuild:
  Criando o diret¢rio "Debug\".
C:\Program Files (x86)\Microsoft Visual Studio\2019\Community\MSBuild\Microsoft\VC\v160\Microsoft.CppBuild.targets(473,5): warning MSB8003: a propriedade WindowsSDKDir nÆo est  definida. Algumas ferramentas de build podem nÆo ser encontradas. [C:\glfw-3.3.5\build\CMakeFiles\3.22.0\CompilerIdC\CompilerIdC.vcxproj]
  Criando o diret¢rio "Debug\CompilerIdC.tlog\".
InitializeBuildStatus:
  Criando "Debug\CompilerIdC.tlog\unsuccessfulbuild" porque "AlwaysCreate" foi especificado.
ClCompile:
  C:\Program Files (x86)\Microsoft Visual Studio\2019\Community\VC\Tools\MSVC\14.28.29333\bin\HostX64\x64\CL.exe /c /nologo /W0 /WX- /diagnostics:column /Od /D _MBCS /Gm- /EHsc /RTC1 /MDd /GS /fp:precise /Zc:wchar_t /Zc:forScope /Zc:inline /Fo"Debug\\" /Fd"Debug\vc142.pdb" /Gd /TC /FC /errorReport:queue CMakeCCompilerId.c
  CMakeCCompilerId.c
Link:
  C:\Program Files (x86)\Microsoft Visual Studio\2019\Community\VC\Tools\MSVC\14.28.29333\bin\HostX64\x64\link.exe /ERRORREPORT:QUEUE /OUT:".\CompilerIdC.exe" /INCREMENTAL:NO /NOLOGO kernel32.lib user32.lib gdi32.lib winspool.lib comdlg32.lib advapi32.lib shell32.lib ole32.lib oleaut32.lib uuid.lib odbc32.lib odbccp32.lib /MANIFEST /MANIFESTUAC:"level='asInvoker' uiAccess='false'" /manifest:embed /PDB:".\CompilerIdC.pdb" /SUBSYSTEM:CONSOLE /TLBID:1 /DYNAMICBASE /NXCOMPAT /IMPLIB:".\CompilerIdC.lib" /MACHINE:X64 Debug\CMakeCCompilerId.obj
LINK : fatal error LNK1181: nÆo foi poss¡vel abrir o arquivo de entrada 'kernel32.lib' [C:\glfw-3.3.5\build\CMakeFiles\3.22.0\CompilerIdC\CompilerIdC.vcxproj]
Projeto de compila‡Æo pronto "C:\glfw-3.3.5\build\CMakeFiles\3.22.0\CompilerIdC\CompilerIdC.vcxproj" (destinos padrÆo) -- FALHA.

FALHA da compila‡Æo.

"C:\glfw-3.3.5\build\CMakeFiles\3.22.0\CompilerIdC\CompilerIdC.vcxproj" (destino padrÆo) (1) ->
(PrepareForBuild destino) -> 
  C:\Program Files (x86)\Microsoft Visual Studio\2019\Community\MSBuild\Microsoft\VC\v160\Microsoft.CppBuild.targets(473,5): warning MSB8003: a propriedade WindowsSDKDir nÆo est  definida. Algumas ferramentas de build podem nÆo ser encontradas. [C:\glfw-3.3.5\build\CMakeFiles\3.22.0\CompilerIdC\CompilerIdC.vcxproj]


"C:\glfw-3.3.5\build\CMakeFiles\3.22.0\CompilerIdC\CompilerIdC.vcxproj" (destino padrÆo) (1) ->
(Link destino) -> 
  LINK : fatal error LNK1181: nÆo foi poss¡vel abrir o arquivo de entrada 'kernel32.lib' [C:\glfw-3.3.5\build\CMakeFiles\3.22.0\CompilerIdC\CompilerIdC.vcxproj]

    1 Aviso(s)
    1 Erro(s)

Tempo Decorrido 00:00:00.71


Determining if the include file pthread.h exists failed with the following output:
Change Dir: C:/glfw-3.3.5/build/CMakeFiles/CMakeTmp

Run Build Command(s):C:/Program Files (x86)/Microsoft Visual Studio/2019/Community/MSBuild/Current/Bin/MSBuild.exe cmTC_2d0a1.vcxproj /p:Configuration=Debug /p:Platform=x64 /p:VisualStudioVersion=16.0 /v:m && Microsoft(R) Build Engine versÆo 16.8.3+39993bd9d para .NET Framework 
Copyright (C) Microsoft Corporation. Todos os direitos reservados.

  Microsoft (R) C/C++ Optimizing Compiler VersÆo 19.28.29337 para x64
  Copyright (C) Microsoft Corporation. Todos os direitos reservados.
  CheckIncludeFile.c
  cl /c /W1 /WX- /diagnostics:column /O2 /D _MBCS /D "CMAKE_INTDIR=\"Debug\"" /Gm- /MDd /GS /fp:precise /Zc:wchar_t /Zc:forScope /Zc:inline /Fo"cmTC_2d0a1.dir\Debug\\" /Fd"cmTC_2d0a1.dir\Debug\vc142.pdb" /Gd /TC /errorReport:queue "C:\glfw-3.3.5\build\CMakeFiles\CMakeTmp\CheckIncludeFile.c"
C:\glfw-3.3.5\build\CMakeFiles\CMakeTmp\CheckIncludeFile.c(1,10): fatal error C1083: NÆo ‚ poss¡vel abrir arquivo incluir: 'pthread.h': No such file or directory [C:\glfw-3.3.5\build\CMakeFiles\CMakeTmp\cmTC_2d0a1.vcxproj]



